
=== Sun Dec 29 09:07:26 2019

Packages were changed.
Update Mode: mergeDefaultDependencies

The following packages were added:
  com.unity.ide.rider@1.1.4
  com.unity.ide.visualstudio@2.0.0
  com.unity.ide.vscode@1.1.3
  com.unity.modules.androidjni@1.0.0
  com.unity.ugui@1.0.0
The following packages were updated:
  com.unity.collab-proxy from version 1.2.16 to 1.3.2
  com.unity.test-framework from version 1.0.17 to 1.1.5
  com.unity.textmeshpro from version 2.0.1 to 3.0.0-preview.1
  com.unity.timeline from version 1.1.0 to 1.3.0-preview.3

=== Tue Feb 18 10:41:52 2020

Packages were changed.
Update Mode: updateDependencies

The following packages were updated:
  com.unity.collab-proxy from version 1.3.2 to 1.3.7
  com.unity.ide.rider from version 1.1.4 to 1.2.1
  com.unity.ide.vscode from version 1.1.3 to 1.1.4
  com.unity.test-framework from version 1.1.5 to 1.1.11
